app/build/outputs/logs/manifest-merger-debug-report.txt
-- Merging decision tree log ---
manifest
ADDED from src\main\AndroidManifest.xml:2:1-83:12
	package
		ADDED from src\main\AndroidManifest.xml:3:5-36
		INJECTED from src\main\AndroidManifest.xml
		INJECTED from src\main\AndroidManifest.xml
	android:versionName
		ADDED from src\main\AndroidManifest.xml:5:5-30
		INJECTED from src\main\AndroidManifest.xml
		INJECTED from src\main\AndroidManifest.xml
	android:versionCode
		ADDED from src\main\AndroidManifest.xml:4:5-28
		INJECTED from src\main\AndroidManifest.xml
		INJECTED from src\main\AndroidManifest.xml
	xmlns:android
		ADDED from src\main\AndroidManifest.xml:2:11-69
uses-sdk
ADDED from src\main\AndroidManifest.xml:7:5-9:41
	android:targetSdkVersion
		ADDED from src\main\AndroidManifest.xml:9:9-38
		INJECTED from src\main\AndroidManifest.xml
		INJECTED from src\main\AndroidManifest.xml
	android:minSdkVersion
		ADDED from src\main\AndroidManifest.xml:8:9-34
		INJECTED from src\main\AndroidManifest.xml
		INJECTED from src\main\AndroidManifest.xml
uses-permission#android.permission.WRITE_EXTERNAL_STORAGE
ADDED from src\main\AndroidManifest.xml:11:5-81
	android:name
		ADDED from src\main\AndroidManifest.xml:11:22-78
uses-permission#android.permission.INTERNET
ADDED from src\main\AndroidManifest.xml:12:5-67
	android:name
		ADDED from src\main\AndroidManifest.xml:12:22-64
uses-permission#android.permission.ACCESS_NETWORK_STATE
ADDED from src\main\AndroidManifest.xml:13:5-79
	android:name
		ADDED from src\main\AndroidManifest.xml:13:22-76
uses-permission#android.permission.ACCESS_WIFI_STATE
ADDED from src\main\AndroidManifest.xml:14:5-76
	android:name
		ADDED from src\main\AndroidManifest.xml:14:22-73
uses-permission#android.permission.READ_PHONE_STATE
ADDED from src\main\AndroidManifest.xml:15:5-75
	android:name
		ADDED from src\main\AndroidManifest.xml:15:22-72
uses-permission#android.permission.GET_TASKS
ADDED from src\main\AndroidManifest.xml:16:5-68
	android:name
		ADDED from src\main\AndroidManifest.xml:16:22-65
permission#com.xiaomi.mipushdemo.permission.MIPUSH_RECEIVE
ADDED from src\main\AndroidManifest.xml:18:5-20:47
	android:protectionLevel
		ADDED from src\main\AndroidManifest.xml:20:9-44
	android:name
		ADDED from src\main\AndroidManifest.xml:19:9-71
uses-permission#com.xiaomi.mipushdemo.permission.MIPUSH_RECEIVE
ADDED from src\main\AndroidManifest.xml:22:5-87
	android:name
		ADDED from src\main\AndroidManifest.xml:22:22-84
uses-permission#android.permission.VIBRATE
ADDED from src\main\AndroidManifest.xml:23:5-66
	android:name
		ADDED from src\main\AndroidManifest.xml:23:22-63
application
ADDED from src\main\AndroidManifest.xml:25:5-81:19
	android:label
		ADDED from src\main\AndroidManifest.xml:28:9-41
	android:icon
		ADDED from src\main\AndroidManifest.xml:27:9-45
	android:theme
		ADDED from src\main\AndroidManifest.xml:29:9-40
	android:name
		ADDED from src\main\AndroidManifest.xml:26:9-61
activity#com.xiaomi.mipushdemo.MainActivity
ADDED from src\main\AndroidManifest.xml:30:9-38:20
	android:label
		ADDED from src\main\AndroidManifest.xml:32:13-45
	android:name
		ADDED from src\main\AndroidManifest.xml:31:13-62
intent-filter#android.intent.action.MAIN+android.intent.category.LAUNCHER
ADDED from src\main\AndroidManifest.xml:33:13-37:29
action#android.intent.action.MAIN
ADDED from src\main\AndroidManifest.xml:34:17-69
	android:name
		ADDED from src\main\AndroidManifest.xml:34:25-66
category#android.intent.category.LAUNCHER
ADDED from src\main\AndroidManifest.xml:36:17-77
	android:name
		ADDED from src\main\AndroidManifest.xml:36:27-74
service#com.xiaomi.push.service.XMPushService
ADDED from src\main\AndroidManifest.xml:40:9-43:46
	android:enabled
		ADDED from src\main\AndroidManifest.xml:42:13-35
	android:process
		ADDED from src\main\AndroidManifest.xml:43:13-43
	android:name
		ADDED from src\main\AndroidManifest.xml:41:13-65
service#com.xiaomi.mipush.sdk.PushMessageHandler
ADDED from src\main\AndroidManifest.xml:44:9-47:39
	android:enabled
		ADDED from src\main\AndroidManifest.xml:46:13-35
	android:exported
		ADDED from src\main\AndroidManifest.xml:47:13-36
	android:name
		ADDED from src\main\AndroidManifest.xml:45:13-68
service#com.xiaomi.mipush.sdk.MessageHandleService
ADDED from src\main\AndroidManifest.xml:48:9-49:73
	android:enabled
		ADDED from src\main\AndroidManifest.xml:48:18-40
	android:name
		ADDED from src\main\AndroidManifest.xml:49:13-70
receiver#com.xiaomi.mipushdemo.DemoMessageReceiver
ADDED from src\main\AndroidManifest.xml:51:9-63:20
	android:exported
		ADDED from src\main\AndroidManifest.xml:53:13-36
	android:name
		ADDED from src\main\AndroidManifest.xml:52:13-69
intent-filter#com.xiaomi.mipush.RECEIVE_MESSAGE
ADDED from src\main\AndroidManifest.xml:54:13-56:29
action#com.xiaomi.mipush.RECEIVE_MESSAGE
ADDED from src\main\AndroidManifest.xml:55:17-76
	android:name
		ADDED from src\main\AndroidManifest.xml:55:25-73
intent-filter#com.xiaomi.mipush.MESSAGE_ARRIVED
ADDED from src\main\AndroidManifest.xml:57:14-59:29
action#com.xiaomi.mipush.MESSAGE_ARRIVED
ADDED from src\main\AndroidManifest.xml:58:17-76
	android:name
		ADDED from src\main\AndroidManifest.xml:58:25-73
intent-filter#com.xiaomi.mipush.ERROR
ADDED from src\main\AndroidManifest.xml:60:13-62:29
action#com.xiaomi.mipush.ERROR
ADDED from src\main\AndroidManifest.xml:61:17-66
	android:name
		ADDED from src\main\AndroidManifest.xml:61:25-63
receiver#com.xiaomi.push.service.receivers.NetworkStatusReceiver
ADDED from src\main\AndroidManifest.xml:64:9-72:20
	android:exported
		ADDED from src\main\AndroidManifest.xml:66:13-36
	android:name
		ADDED from src\main\AndroidManifest.xml:65:13-83
intent-filter#android.intent.category.DEFAULT+android.net.conn.CONNECTIVITY_CHANGE
ADDED from src\main\AndroidManifest.xml:67:13-71:29
action#android.net.conn.CONNECTIVITY_CHANGE
ADDED from src\main\AndroidManifest.xml:68:17-79
	android:name
		ADDED from src\main\AndroidManifest.xml:68:25-76
category#android.intent.category.DEFAULT
ADDED from src\main\AndroidManifest.xml:70:17-76
	android:name
		ADDED from src\main\AndroidManifest.xml:70:27-73
receiver#com.xiaomi.push.service.receivers.PingReceiver
ADDED from src\main\AndroidManifest.xml:73:9-80:20
	android:process
		ADDED from src\main\AndroidManifest.xml:76:13-43
	android:exported
		ADDED from src\main\AndroidManifest.xml:75:13-37
	android:name
		ADDED from src\main\AndroidManifest.xml:74:13-74
intent-filter#com.xiaomi.push.PING_TIMER
ADDED from src\main\AndroidManifest.xml:77:13-79:29
action#com.xiaomi.push.PING_TIMER
ADDED from src\main\AndroidManifest.xml:78:17-69
	android:name
		ADDED from src\main\AndroidManifest.xml:78:25-66